SF:lib/network/imp/http_network_data_source.dart
DA:13,3
DA:18,1
DA:20,1
DA:23,1
DA:24,2
DA:25,1
DA:26,2
DA:27,1
DA:29,4
DA:30,2
DA:31,4
DA:32,1
DA:34,0
DA:35,0
DA:36,0
DA:37,0
DA:38,0
DA:39,0
DA:40,0
DA:42,0
DA:45,0
DA:46,0
DA:47,0
DA:48,0
DA:49,0
DA:50,0
DA:51,0
DA:52,0
DA:53,0
DA:54,0
DA:55,0
DA:56,0
DA:57,0
DA:58,0
DA:59,0
DA:60,0
DA:61,0
DA:62,0
DA:66,1
DA:68,2
DA:69,1
DA:71,2
DA:75,1
DA:80,4
DA:82,4
DA:83,3
DA:84,3
DA:86,0
DA:87,0
DA:89,0
DA:90,0
DA:91,0
DA:92,0
DA:93,0
DA:94,0
DA:95,0
DA:96,0
DA:97,0
DA:98,0
DA:99,0
DA:100,0
DA:101,0
DA:102,0
DA:103,0
DA:104,0
DA:105,0
DA:106,0
DA:110,0
DA:112,0
DA:114,0
DA:116,0
LF:71
LH:21
end_of_record
SF:lib/model/todo.dart
DA:9,2
DA:16,0
DA:22,0
DA:23,0
DA:24,0
DA:25,0
DA:26,0
DA:30,0
DA:31,0
DA:32,0
DA:33,0
DA:34,0
DA:35,0
DA:39,1
DA:40,1
DA:41,1
DA:42,1
DA:43,1
DA:44,1
DA:48,0
DA:50,3
DA:52,0
DA:54,0
DA:57,0
DA:61,0
DA:64,0
DA:66,0
LF:27
LH:8
end_of_record
SF:lib/provider/home_provider.dart
DA:9,1
DA:13,2
DA:15,1
DA:16,3
DA:18,2
DA:20,2
DA:21,4
DA:22,1
DA:23,3
DA:26,1
LF:10
LH:10
end_of_record
SF:lib/provider/home_state.dart
DA:11,4
DA:13,1
DA:19,1
DA:24,1
DA:25,0
DA:26,1
DA:27,1
DA:31,0
DA:32,0
DA:34,1
DA:38,0
DA:41,0
DA:42,0
LF:13
LH:7
end_of_record
SF:lib/utils/error_message.dart
DA:4,1
DA:6,1
DA:8,1
DA:10,0
DA:12,0
DA:14,0
DA:16,0
DA:18,0
DA:20,0
DA:22,0
LF:10
LH:3
end_of_record
